<?xml version="1.0" encoding="UTF-8"?>
<!-- Generated by org.testng.reporters.JUnitXMLReporter -->
<testsuite hostname="BDC6-LX-G35RTN2" failures="0" tests="4" name="Test" time="62.633" errors="0" timestamp="19 Jul 2021 15:57:14 GMT">
  <testcase classname="com.Test.LoginScenarios" name="login" time="8.175"/>
  <testcase classname="com.Test.LoginScenarios" name="OrdersPageWorkFlow" time="37.364"/>
  <testcase classname="com.Test.LoginScenarios" name="login1" time="6.312"/>
  <testcase classname="com.Test.LoginScenarios" name="login2" time="3.521"/>
</testsuite> <!-- Test -->
